<?xml version="1.0" encoding="UTF-8"?>
<!-- Generated by org.testng.reporters.JUnitReportReporter -->
<testsuite skipped="0" hostname="FA058601" name="com.ikea.application.util.TC_Cart" tests="1" failures="0" timestamp="2021-10-29T13:25:09 IST" time="111.526" errors="0">
  <testcase name="runApp" time="111.526" classname="com.ikea.application.util.TC_Cart"/>
  <system-out/>
</testsuite> <!-- com.ikea.application.util.TC_Cart -->
