<?xml version="1.0" encoding="UTF-8"?>
<!-- Generated by org.testng.reporters.JUnitReportReporter -->
<testsuite skipped="0" hostname="FA058601" name="com.ikea.application.TestSuite.TC_Cart" tests="1" failures="0" timestamp="2021-10-31T12:14:07 IST" time="45.746" errors="0">
  <testcase name="addAndRemoveItemsFromCart" time="45.746" classname="com.ikea.application.TestSuite.TC_Cart"/>
  <system-out/>
</testsuite> <!-- com.ikea.application.TestSuite.TC_Cart -->
